<?xml version="1.0" encoding="UTF-8"?>
<testsuite xmlns:xsi="http://www.w3.org/2001/XMLSchema-instance" xsi:noNamespaceSchemaLocation="https://maven.apache.org/surefire/maven-surefire-plugin/xsd/surefire-test-report-3.0.xsd" version="3.0" name="edu.uob.CustomActionsTests" time="0.026" tests="9" errors="0" skipped="0" failures="0">
  <properties>
[...]
</properties>
  <testcase name="testLocationAsProducedAndConsumedEntities" classname="edu.uob.CustomActionsTests" time="0.003"/>
  <testcase name="testCustomActionChopTreeWithAxe" classname="edu.uob.CustomActionsTests" time="0.003"/>
  <testcase name="testLocationAsSubject" classname="edu.uob.CustomActionsTests" time="0.004"/>
  <testcase name="testCustomActionChopTreeNotInForest" classname="edu.uob.CustomActionsTests" time="0.002"/>
  <testcase name="testEntityCategorization" classname="edu.uob.CustomActionsTests" time="0.003"/>
  <testcase name="testStoreroomExistenceAndIsolation" classname="edu.uob.CustomActionsTests" time="0.002"/>
  <testcase name="testStartLocationIsAlwaysFirst" classname="edu.uob.CustomActionsTests" time="0.001"/>
  <testcase name="testXMLActionParsingAndNarration" classname="edu.uob.CustomActionsTests" time="0.002"/>
  <testcase name="testCustomActionChopTreeWithoutAxe" classname="edu.uob.CustomActionsTests" time="0.003"/>
</testsuite>